<?xml version="1.0" encoding="UTF-8"?>
<testng-results skipped="0" failed="0" ignored="0" total="1" passed="1">
  <reporter-output>
  </reporter-output>
  <suite name="Data Driven Basic" duration-ms="34" started-at="2019-12-12T09:08:52 IST" finished-at="2019-12-12T09:08:52 IST">
    <groups>
    </groups>
    <test name="Bank Manager LoginTest" duration-ms="34" started-at="2019-12-12T09:08:52 IST" finished-at="2019-12-12T09:08:52 IST">
      <class name="com.test.Selenium_4.TestNGMavenExample">
        <test-method status="PASS" signature="exampleOftestNgMaven()[pri:0, instance:com.test.Selenium_4.TestNGMavenExample@64485a47]" name="exampleOftestNgMaven" duration-ms="7" started-at="2019-12-12T09:08:52 IST" finished-at="2019-12-12T09:08:52 IST">
          <reporter-output>
          </reporter-output>
        </test-method> <!-- exampleOftestNgMaven -->
      </class> <!-- com.test.Selenium_4.TestNGMavenExample -->
    </test> <!-- Bank Manager LoginTest -->
  </suite> <!-- Data Driven Basic -->
</testng-results>
